0 info it worked if it ends with ok
1 verbose cli [ 'C:\\Program Files\\nodejs\\\\node.exe',
1 verbose cli   'C:\\Program Files\\nodejs\\node_modules\\npm\\bin\\npm-cli.js',
1 verbose cli   'install',
1 verbose cli   'asynquence-contrib',
1 verbose cli   '--save' ]
2 info using npm@2.10.1
3 info using node@v0.12.4
4 verbose install initial load of C:\Suresh\Official\Projects\WebRTCSamples\SimpleWebRTC\package.json
5 warn package.json simplewebrtc@1.0.0 No README data
6 verbose installManyTop reading scoped package data from C:\Suresh\Official\Projects\WebRTCSamples\SimpleWebRTC\node_modules\asynquence\package.json
7 verbose installManyTop reading scoped package data from C:\Suresh\Official\Projects\WebRTCSamples\SimpleWebRTC\node_modules\node-static\package.json
8 verbose installManyTop reading scoped package data from C:\Suresh\Official\Projects\WebRTCSamples\SimpleWebRTC\node_modules\socket.io\package.json
9 info package.json socket.io@1.3.5 No license field.
10 verbose readDependencies loading dependencies from C:\Suresh\Official\Projects\WebRTCSamples\SimpleWebRTC\package.json
11 silly cache add args [ 'asynquence-contrib', null ]
12 verbose cache add spec asynquence-contrib
13 silly cache add parsed spec { raw: 'asynquence-contrib',
13 silly cache add   scope: null,
13 silly cache add   name: 'asynquence-contrib',
13 silly cache add   rawSpec: '',
13 silly cache add   spec: '*',
13 silly cache add   type: 'range' }
14 silly addNamed asynquence-contrib@*
15 verbose addNamed "*" is a valid semver range for asynquence-contrib
16 silly addNameRange { name: 'asynquence-contrib', range: '*', hasData: false }
17 silly mapToRegistry name asynquence-contrib
18 silly mapToRegistry using default registry
19 silly mapToRegistry registry https://registry.npmjs.org/
20 silly mapToRegistry uri https://registry.npmjs.org/asynquence-contrib
21 verbose addNameRange registry:https://registry.npmjs.org/asynquence-contrib not in flight; fetching
22 verbose request uri https://registry.npmjs.org/asynquence-contrib
23 verbose request no auth needed
24 info attempt registry request try #1 at 11:05:17 PM
25 verbose request id 82505c4cfffacc4d
26 verbose etag "EAWJ9NA53TY2S8X3R96AQ66OQ"
27 http request GET https://registry.npmjs.org/asynquence-contrib
28 http 304 https://registry.npmjs.org/asynquence-contrib
29 silly get cb [ 304,
29 silly get   { date: 'Sun, 21 Jun 2015 17:35:18 GMT',
29 silly get     via: '1.1 varnish',
29 silly get     'cache-control': 'max-age=60',
29 silly get     etag: '"EAWJ9NA53TY2S8X3R96AQ66OQ"',
29 silly get     age: '1',
29 silly get     connection: 'keep-alive',
29 silly get     'x-served-by': 'cache-sin6920-SIN',
29 silly get     'x-cache': 'MISS',
29 silly get     'x-cache-hits': '0',
29 silly get     'x-timer': 'S1434908118.127916,VS0,VE1867',
29 silly get     vary: 'Accept' } ]
30 verbose etag https://registry.npmjs.org/asynquence-contrib from cache
31 verbose get saving asynquence-contrib to C:\Users\Suresh.Balla\AppData\Roaming\npm-cache\registry.npmjs.org\asynquence-contrib\.cache.json
32 silly addNameRange number 2 { name: 'asynquence-contrib', range: '*', hasData: true }
33 silly addNameRange versions [ 'asynquence-contrib',
33 silly addNameRange   [ '0.1.0-a',
33 silly addNameRange     '0.1.1-a',
33 silly addNameRange     '0.1.2-a',
33 silly addNameRange     '0.1.3-a',
33 silly addNameRange     '0.1.4-a',
33 silly addNameRange     '0.1.5-a',
33 silly addNameRange     '0.1.6-a',
33 silly addNameRange     '0.1.6-b',
33 silly addNameRange     '0.1.7-a',
33 silly addNameRange     '0.1.7-b',
33 silly addNameRange     '0.1.8-a',
33 silly addNameRange     '0.1.8-b',
33 silly addNameRange     '0.1.9-a',
33 silly addNameRange     '0.1.10-a',
33 silly addNameRange     '0.1.10-b',
33 silly addNameRange     '0.1.10-c',
33 silly addNameRange     '0.1.10-d',
33 silly addNameRange     '0.1.10-e',
33 silly addNameRange     '0.1.10-f',
33 silly addNameRange     '0.1.10-g',
33 silly addNameRange     '0.1.10-h',
33 silly addNameRange     '0.1.10-i',
33 silly addNameRange     '0.1.10-j',
33 silly addNameRange     '0.1.10-k',
33 silly addNameRange     '0.1.10-l',
33 silly addNameRange     '0.1.10-m',
33 silly addNameRange     '0.1.11-a',
33 silly addNameRange     '0.2.0-a',
33 silly addNameRange     '0.2.1-a',
33 silly addNameRange     '0.2.2-a',
33 silly addNameRange     '0.2.2-b',
33 silly addNameRange     '0.2.3-a',
33 silly addNameRange     '0.3.0-a',
33 silly addNameRange     '0.3.0-b',
33 silly addNameRange     '0.3.0-c',
33 silly addNameRange     '0.3.1-c',
33 silly addNameRange     '0.4.0-a',
33 silly addNameRange     '0.5.0-a',
33 silly addNameRange     '0.5.0-b',
33 silly addNameRange     '0.5.1-a',
33 silly addNameRange     '0.5.2-a',
33 silly addNameRange     '0.5.2-b',
33 silly addNameRange     '0.5.2-c',
33 silly addNameRange     '0.6.0-a',
33 silly addNameRange     '0.6.1-a',
33 silly addNameRange     '0.6.2-a',
33 silly addNameRange     '0.7.0-a',
33 silly addNameRange     '0.7.0-b',
33 silly addNameRange     '0.7.0-c',
33 silly addNameRange     '0.7.1-a',
33 silly addNameRange     '0.8.0-a',
33 silly addNameRange     '0.9.0-a' ] ]
34 silly addNamed asynquence-contrib@0.9.0-a
35 verbose addNamed "0.9.0-a" is a plain semver version for asynquence-contrib
36 silly cache afterAdd asynquence-contrib@0.9.0-a
37 verbose afterAdd C:\Users\Suresh.Balla\AppData\Roaming\npm-cache\asynquence-contrib\0.9.0-a\package\package.json not in flight; writing
38 verbose afterAdd C:\Users\Suresh.Balla\AppData\Roaming\npm-cache\asynquence-contrib\0.9.0-a\package\package.json written
39 silly install resolved [ { name: 'asynquence-contrib',
39 silly install resolved     version: '0.9.0-a',
39 silly install resolved     description: 'contrib plugins for asynquence',
39 silly install resolved     main: './contrib.js',
39 silly install resolved     scripts: { test: './node-tests.js', bundle: './bundle.js' },
39 silly install resolved     peerDependencies: { asynquence: '*' },
39 silly install resolved     devDependencies:
39 silly install resolved      { 'uglify-js': '~2.4.8',
39 silly install resolved        'native-promise-only': 'latest',
39 silly install resolved        minimist: '~0.2.0',
39 silly install resolved        freshy: '~0.0.2' },
39 silly install resolved     repository: { type: 'git', url: 'git://github.com/getify/asynquence.git' },
39 silly install resolved     keywords:
39 silly install resolved      [ 'async',
39 silly install resolved        'flow-control',
39 silly install resolved        'sequences',
39 silly install resolved        'promise',
39 silly install resolved        'iterator',
39 silly install resolved        'generator' ],
39 silly install resolved     bugs:
39 silly install resolved      { url: 'https://github.com/getify/asynquence/issues',
39 silly install resolved        email: 'getify@gmail.com' },
39 silly install resolved     homepage: 'https://github.com/getify/asynquence/blob/master/contrib',
39 silly install resolved     author: { name: 'Kyle Simpson', email: 'getify@gmail.com' },
39 silly install resolved     license: 'MIT',
39 silly install resolved     _id: 'asynquence-contrib@0.9.0-a',
39 silly install resolved     _shasum: '59ab09ccc061ae90836a1a702faeca30c2a5a20d',
39 silly install resolved     _from: 'asynquence-contrib@*',
39 silly install resolved     _npmVersion: '2.7.1',
39 silly install resolved     _nodeVersion: '1.6.2',
39 silly install resolved     _npmUser: { name: 'getify', email: 'getify@gmail.com' },
39 silly install resolved     maintainers: [ [Object] ],
39 silly install resolved     dist:
39 silly install resolved      { shasum: '59ab09ccc061ae90836a1a702faeca30c2a5a20d',
39 silly install resolved        tarball: 'http://registry.npmjs.org/asynquence-contrib/-/asynquence-contrib-0.9.0-a.tgz' },
39 silly install resolved     directories: {},
39 silly install resolved     _resolved: 'https://registry.npmjs.org/asynquence-contrib/-/asynquence-contrib-0.9.0-a.tgz',
39 silly install resolved     readme: 'ERROR: No README data found!' } ]
40 info install asynquence-contrib@0.9.0-a into C:\Suresh\Official\Projects\WebRTCSamples\SimpleWebRTC
41 info installOne asynquence-contrib@0.9.0-a
42 verbose installOne of asynquence-contrib to C:\Suresh\Official\Projects\WebRTCSamples\SimpleWebRTC not in flight; installing
43 verbose lock using C:\Users\Suresh.Balla\AppData\Roaming\npm-cache\_locks\asynquence-contrib-eacaf167435494d5.lock for C:\Suresh\Official\Projects\WebRTCSamples\SimpleWebRTC\node_modules\asynquence-contrib
44 silly install write writing asynquence-contrib 0.9.0-a to C:\Suresh\Official\Projects\WebRTCSamples\SimpleWebRTC\node_modules\asynquence-contrib
45 verbose unbuild node_modules\asynquence-contrib
46 silly gentlyRm C:\Suresh\Official\Projects\WebRTCSamples\SimpleWebRTC\node_modules\asynquence-contrib is being purged from base C:\Suresh\Official\Projects\WebRTCSamples\SimpleWebRTC
47 verbose gentlyRm don't care about contents; nuking C:\Suresh\Official\Projects\WebRTCSamples\SimpleWebRTC\node_modules\asynquence-contrib
48 verbose tar unpack C:\Users\Suresh.Balla\AppData\Roaming\npm-cache\asynquence-contrib\0.9.0-a\package.tgz
49 verbose tar unpacking to C:\Suresh\Official\Projects\WebRTCSamples\SimpleWebRTC\node_modules\asynquence-contrib
50 silly gentlyRm C:\Suresh\Official\Projects\WebRTCSamples\SimpleWebRTC\node_modules\asynquence-contrib is being purged
51 verbose gentlyRm don't care about contents; nuking C:\Suresh\Official\Projects\WebRTCSamples\SimpleWebRTC\node_modules\asynquence-contrib
52 silly gunzTarPerm modes [ '777', '666' ]
53 silly gunzTarPerm extractEntry package.json
54 silly gunzTarPerm modified mode [ 'package.json', 420, 438 ]
55 silly gunzTarPerm extractEntry .npmignore
56 silly gunzTarPerm modified mode [ '.npmignore', 420, 438 ]
57 silly gunzTarPerm extractEntry README.md
58 silly gunzTarPerm modified mode [ 'README.md', 420, 438 ]
59 silly gunzTarPerm extractEntry contrib-wrapper.js
60 silly gunzTarPerm modified mode [ 'contrib-wrapper.js', 420, 438 ]
61 silly gunzTarPerm extractEntry plugin.errfcb.js
62 silly gunzTarPerm modified mode [ 'plugin.errfcb.js', 420, 438 ]
63 silly gunzTarPerm extractEntry plugin.failAfter.js
64 silly gunzTarPerm modified mode [ 'plugin.failAfter.js', 420, 438 ]
65 silly gunzTarPerm extractEntry asq-go-csp.js
66 silly gunzTarPerm modified mode [ 'asq-go-csp.js', 420, 438 ]
67 silly gunzTarPerm extractEntry plugin.any.js
68 silly gunzTarPerm modified mode [ 'plugin.any.js', 420, 438 ]
69 silly gunzTarPerm extractEntry plugin.last.js
70 silly gunzTarPerm modified mode [ 'plugin.last.js', 420, 438 ]
71 silly gunzTarPerm extractEntry plugin.map.js
72 silly gunzTarPerm modified mode [ 'plugin.map.js', 420, 438 ]
73 silly gunzTarPerm extractEntry plugin.none.js
74 silly gunzTarPerm modified mode [ 'plugin.none.js', 420, 438 ]
75 silly gunzTarPerm extractEntry plugin.pThenCatch.js
76 silly gunzTarPerm modified mode [ 'plugin.pThenCatch.js', 420, 438 ]
77 silly gunzTarPerm extractEntry plugin.race.js
78 silly gunzTarPerm modified mode [ 'plugin.race.js', 420, 438 ]
79 silly gunzTarPerm extractEntry plugin.after.js
80 silly gunzTarPerm modified mode [ 'plugin.after.js', 420, 438 ]
81 silly gunzTarPerm extractEntry plugin.react.js
82 silly gunzTarPerm modified mode [ 'plugin.react.js', 420, 438 ]
83 silly gunzTarPerm extractEntry bundle.js
84 silly gunzTarPerm modified mode [ 'bundle.js', 484, 502 ]
85 silly gunzTarPerm extractEntry plugin.runner.js
86 silly gunzTarPerm modified mode [ 'plugin.runner.js', 420, 438 ]
87 silly gunzTarPerm extractEntry test-extensions-2.js
88 silly gunzTarPerm modified mode [ 'test-extensions-2.js', 420, 438 ]
89 silly gunzTarPerm extractEntry plugin.toPromise.js
90 silly gunzTarPerm modified mode [ 'plugin.toPromise.js', 420, 438 ]
91 silly gunzTarPerm extractEntry node-tests.js
92 silly gunzTarPerm modified mode [ 'node-tests.js', 493, 511 ]
93 silly gunzTarPerm extractEntry plugin.try.js
94 silly gunzTarPerm modified mode [ 'plugin.try.js', 420, 438 ]
95 silly gunzTarPerm extractEntry fake_writable_stream.js
96 silly gunzTarPerm modified mode [ 'fake_writable_stream.js', 420, 438 ]
97 silly gunzTarPerm extractEntry plugin.until.js
98 silly gunzTarPerm modified mode [ 'plugin.until.js', 420, 438 ]
99 silly gunzTarPerm extractEntry contrib.src.js
100 silly gunzTarPerm modified mode [ 'contrib.src.js', 420, 438 ]
101 silly gunzTarPerm extractEntry plugin.waterfall.js
102 silly gunzTarPerm modified mode [ 'plugin.waterfall.js', 420, 438 ]
103 silly gunzTarPerm extractEntry contrib.js
104 silly gunzTarPerm modified mode [ 'contrib.js', 420, 438 ]
105 silly gunzTarPerm extractEntry plugin.wrap.js
106 silly gunzTarPerm modified mode [ 'plugin.wrap.js', 420, 438 ]
107 silly gunzTarPerm extractEntry plugin.iterable.js
108 silly gunzTarPerm modified mode [ 'plugin.iterable.js', 420, 438 ]
109 silly gunzTarPerm extractEntry test-extensions-1.js
110 silly gunzTarPerm modified mode [ 'test-extensions-1.js', 420, 438 ]
111 silly gunzTarPerm extractEntry EventEmitter.min.js
112 silly gunzTarPerm modified mode [ 'EventEmitter.min.js', 420, 438 ]
113 silly gunzTarPerm extractEntry tests.js
114 silly gunzTarPerm modified mode [ 'tests.js', 420, 438 ]
115 silly gunzTarPerm extractEntry plugin.first.js
116 silly gunzTarPerm modified mode [ 'plugin.first.js', 420, 438 ]
117 verbose write writing to C:\Suresh\Official\Projects\WebRTCSamples\SimpleWebRTC\node_modules\asynquence-contrib\package.json
118 info preinstall asynquence-contrib@0.9.0-a
119 verbose readDependencies loading dependencies from C:\Suresh\Official\Projects\WebRTCSamples\SimpleWebRTC\node_modules\asynquence-contrib\package.json
120 verbose readDependencies loading dependencies from C:\Suresh\Official\Projects\WebRTCSamples\SimpleWebRTC\node_modules\asynquence-contrib\package.json
121 silly install resolved []
122 verbose about to build C:\Suresh\Official\Projects\WebRTCSamples\SimpleWebRTC\node_modules\asynquence-contrib
123 info build C:\Suresh\Official\Projects\WebRTCSamples\SimpleWebRTC\node_modules\asynquence-contrib
124 info linkStuff asynquence-contrib@0.9.0-a
125 silly linkStuff asynquence-contrib@0.9.0-a has C:\Suresh\Official\Projects\WebRTCSamples\SimpleWebRTC\node_modules as its parent node_modules
126 verbose linkBins asynquence-contrib@0.9.0-a
127 verbose linkMans asynquence-contrib@0.9.0-a
128 verbose rebuildBundles asynquence-contrib@0.9.0-a
129 info install asynquence-contrib@0.9.0-a
130 info postinstall asynquence-contrib@0.9.0-a
131 verbose unlock done using C:\Users\Suresh.Balla\AppData\Roaming\npm-cache\_locks\asynquence-contrib-eacaf167435494d5.lock for C:\Suresh\Official\Projects\WebRTCSamples\SimpleWebRTC\node_modules\asynquence-contrib
132 verbose validateInstall loading C:\Suresh\Official\Projects\WebRTCSamples\SimpleWebRTC\package.json for validation
133 verbose save saving { 'asynquence-contrib': '^0.9.0-a' }
134 silly save writing C:\Suresh\Official\Projects\WebRTCSamples\SimpleWebRTC\package.json
135 verbose stack Error: EPERM, rename 'C:\Suresh\Official\Projects\WebRTCSamples\SimpleWebRTC\package.json'
135 verbose stack     at Error (native)
136 verbose cwd C:\Suresh\Official\Projects\WebRTCSamples\SimpleWebRTC
137 error Windows_NT 6.2.9200
138 error argv "C:\\Program Files\\nodejs\\\\node.exe" "C:\\Program Files\\nodejs\\node_modules\\npm\\bin\\npm-cli.js" "install" "asynquence-contrib" "--save"
139 error node v0.12.4
140 error npm  v2.10.1
141 error path C:\Suresh\Official\Projects\WebRTCSamples\SimpleWebRTC\package.json
142 error code EPERM
143 error errno -4048
144 error Error: EPERM, rename 'C:\Suresh\Official\Projects\WebRTCSamples\SimpleWebRTC\package.json'
144 error     at Error (native)
144 error  { [Error: EPERM, rename 'C:\Suresh\Official\Projects\WebRTCSamples\SimpleWebRTC\package.json']
144 error   errno: -4048,
144 error   code: 'EPERM',
144 error   path: 'C:\\Suresh\\Official\\Projects\\WebRTCSamples\\SimpleWebRTC\\package.json' }
145 error Please try running this command again as root/Administrator.
146 verbose exit [ -4048, true ]
